<?xml version="1.0" encoding="UTF-8"?>
<!-- Generated by org.testng.reporters.JUnitReportReporter -->
<testsuite hostname="DESKTOP-T5IFU01" failures="0" tests="1" name="test.RunAndroidCalculator$RunAndroidClock" time="7.277" errors="0" timestamp="2021-04-19T16:04:59 EET" skipped="0">
  <testcase classname="test.RunAndroidCalculator$RunAndroidClock" name="runNativeOnPackage" time="7.277"/>
  <system-out/>
</testsuite> <!-- test.RunAndroidCalculator$RunAndroidClock -->
